2022-07-15 10:09:26,403 The Flat1 object is created...
2022-07-15 10:09:26,403 Creating object of Flat...
2022-07-15 10:10:01,546 The Flat1 object is created...
2022-07-15 10:10:01,546 Creating object of Flat...
2022-07-15 10:10:01,546 The flat size is 1500 with total 5 staring prrice is 24000
2022-07-15 10:12:50,900 The Flat1 object is created...
2022-07-15 10:12:50,900 Creating object of Flat...
2022-07-15 10:12:50,900 'str' object is not callable
Traceback (most recent call last):
  File "F:\Ineuron_pycharm\Task\Flat\Flat1.py", line 27, in <module>
    flat.furnished()
TypeError: 'str' object is not callable
2022-07-15 10:14:10,135 The Flat1 object is created...
2022-07-15 10:14:10,135 Creating object of Flat...
2022-07-15 10:14:10,135 Yes the flat is furnished
2022-07-15 10:14:10,135 The flat size is 1500 with total 5 staring prrice is 24000
2022-07-15 10:14:37,683 The Flat1 object is created...
2022-07-15 10:14:37,684 Creating object of Flat...
2022-07-15 10:14:37,684 Yes the flat is furnished
2022-07-15 10:14:37,684 The flat size is 1500 with total 5 staring prrice is 24000
2022-07-15 10:14:37,684 The flat is in Pune city
2022-07-15 10:14:37,684 The size of flat is 1500
